[2018-02-07 10:51:34] [info]  [ 5220] Commons Daemon procrun (1.0.15.0 64-bit) started
[2018-02-07 10:51:34] [info]  [ 5220] Service elasticsearch-service-x64 name Elasticsearch 6.1.3 (elasticsearch-service-x64)
[2018-02-07 10:51:34] [info]  [ 5220] Service 'elasticsearch-service-x64' installed
[2018-02-07 10:51:34] [info]  [ 5220] Commons Daemon procrun finished
[2018-02-07 10:51:42] [info]  [ 8404] Commons Daemon procrun (1.0.15.0 64-bit) started
[2018-02-07 10:51:42] [info]  [ 8404] Starting service 'elasticsearch-service-x64' ...
[2018-02-07 10:51:42] [info]  [13228] Commons Daemon procrun (1.0.15.0 64-bit) started
[2018-02-07 10:51:42] [info]  [13228] Running 'elasticsearch-service-x64' Service...
[2018-02-07 10:51:42] [info]  [10224] Starting service...
[2018-02-07 10:51:42] [error] [10224] %1 is not a valid Win32 application.
[2018-02-07 10:51:42] [error] [10224] Failed creating java C:\Program Files (x86)\Java\jdk1.8.0_144\jre\bin\server\jvm.dll
[2018-02-07 10:51:42] [error] [10224] %1 is not a valid Win32 application.
[2018-02-07 10:51:42] [error] [10224] ServiceStart returned 1
[2018-02-07 10:51:42] [error] [10224] %1 is not a valid Win32 application.
[2018-02-07 10:51:42] [info]  [13228] Run service finished.
[2018-02-07 10:51:42] [info]  [13228] Commons Daemon procrun finished
[2018-02-07 10:51:43] [error] [ 8404] Failed to start 'elasticsearch-service-x64' service
[2018-02-07 10:51:43] [error] [ 8404] The data area passed to a system call is too small.
[2018-02-07 10:51:43] [info]  [ 8404] Start service finished.
[2018-02-07 10:51:43] [error] [ 8404] Commons Daemon procrun failed with exit value: 5 (Failed to start service)
[2018-02-07 10:51:43] [error] [ 8404] The data area passed to a system call is too small.
[2018-02-07 11:06:43] [info]  [ 2680] Commons Daemon procrun (1.0.15.0 64-bit) started
[2018-02-07 11:06:43] [info]  [ 2680] Deleting service...
[2018-02-07 11:06:43] [info]  [ 2680] Delete service finished.
[2018-02-07 11:06:43] [info]  [ 2680] Commons Daemon procrun finished
[2018-02-07 11:06:52] [info]  [13128] Commons Daemon procrun (1.0.15.0 64-bit) started
[2018-02-07 11:06:52] [info]  [13128] Service elasticsearch-service-x64 name Elasticsearch 6.1.3 (elasticsearch-service-x64)
[2018-02-07 11:06:52] [info]  [13128] Service 'elasticsearch-service-x64' installed
[2018-02-07 11:06:52] [info]  [13128] Commons Daemon procrun finished
[2018-02-07 11:06:59] [info]  [12172] Commons Daemon procrun (1.0.15.0 64-bit) started
[2018-02-07 11:06:59] [info]  [12172] Starting service 'elasticsearch-service-x64' ...
[2018-02-07 11:06:59] [info]  [ 5616] Commons Daemon procrun (1.0.15.0 64-bit) started
[2018-02-07 11:06:59] [info]  [ 5616] Running 'elasticsearch-service-x64' Service...
[2018-02-07 11:06:59] [info]  [ 5628] Starting service...
[2018-02-07 11:07:03] [info]  [ 5628] Service started in 3681 ms.
[2018-02-07 11:07:04] [info]  [12172] Service 'elasticsearch-service-x64' started
[2018-02-07 11:07:04] [info]  [12172] Start service finished.
[2018-02-07 11:07:04] [info]  [12172] Commons Daemon procrun finished
[2018-02-07 11:08:18] [info]  [10848] Stopping service...
[2018-02-07 11:08:19] [info]  [10848] Service stop thread completed.
[2018-02-07 11:08:19] [info]  [ 5616] Run service finished.
[2018-02-07 11:08:19] [info]  [ 5616] Commons Daemon procrun finished
[2018-02-07 11:10:29] [info]  [11836] Commons Daemon procrun (1.0.15.0 64-bit) started
[2018-02-07 11:10:29] [info]  [11836] Stopping service 'elasticsearch-service-x64' ...
[2018-02-07 11:10:30] [info]  [11836] Service 'elasticsearch-service-x64' stopped
[2018-02-07 11:10:30] [info]  [11836] Stop service finished.
[2018-02-07 11:10:30] [info]  [11836] Commons Daemon procrun finished
[2018-02-07 11:10:50] [info]  [12284] Commons Daemon procrun (1.0.15.0 64-bit) started
[2018-02-07 11:10:50] [info]  [12284] Deleting service...
[2018-02-07 11:10:50] [info]  [12284] Delete service finished.
[2018-02-07 11:10:50] [info]  [12284] Commons Daemon procrun finished
[2018-02-07 11:10:55] [info]  [ 6536] Commons Daemon procrun (1.0.15.0 64-bit) started
[2018-02-07 11:10:55] [info]  [ 6536] Service elasticsearch-service-x64 name Elasticsearch 6.1.3 (elasticsearch-service-x64)
[2018-02-07 11:10:55] [info]  [ 6536] Service 'elasticsearch-service-x64' installed
[2018-02-07 11:10:55] [info]  [ 6536] Commons Daemon procrun finished
[2018-02-07 11:11:25] [info]  [11716] Commons Daemon procrun (1.0.15.0 64-bit) started
[2018-02-07 11:11:25] [info]  [11716] Starting service 'elasticsearch-service-x64' ...
[2018-02-07 11:11:25] [info]  [ 3512] Commons Daemon procrun (1.0.15.0 64-bit) started
[2018-02-07 11:11:25] [info]  [ 3512] Running 'elasticsearch-service-x64' Service...
[2018-02-07 11:11:25] [info]  [11552] Starting service...
[2018-02-07 11:11:27] [info]  [11552] Service started in 1594 ms.
[2018-02-07 11:11:28] [info]  [11716] Service 'elasticsearch-service-x64' started
[2018-02-07 11:11:28] [info]  [11716] Start service finished.
[2018-02-07 11:11:28] [info]  [11716] Commons Daemon procrun finished
[2018-02-07 11:11:52] [info]  [12536] Commons Daemon procrun (1.0.15.0 64-bit) started
[2018-02-07 11:11:52] [info]  [12536] Stopping service 'elasticsearch-service-x64' ...
[2018-02-07 11:11:52] [info]  [12344] Stopping service...
[2018-02-07 11:11:53] [info]  [12344] Service stop thread completed.
[2018-02-07 11:11:53] [info]  [ 3512] Run service finished.
[2018-02-07 11:11:53] [info]  [ 3512] Commons Daemon procrun finished
[2018-02-07 11:11:54] [info]  [12536] Service 'elasticsearch-service-x64' stopped
[2018-02-07 11:11:54] [info]  [12536] Stop service finished.
[2018-02-07 11:11:54] [info]  [12536] Commons Daemon procrun finished
[2018-02-07 11:12:09] [info]  [ 7676] Commons Daemon procrun (1.0.15.0 64-bit) started
[2018-02-07 11:12:09] [info]  [ 7676] Running 'elasticsearch-service-x64' Service...
[2018-02-07 11:12:09] [info]  [13196] Starting service...
[2018-02-07 11:12:10] [info]  [13196] Service started in 1605 ms.
[2018-02-08 17:13:50] [info]  [ 5528] Stopping service...
[2018-02-08 17:13:51] [info]  [ 5528] Service stop thread completed.
[2018-02-08 17:13:51] [info]  [ 7676] Run service finished.
[2018-02-08 17:13:51] [info]  [ 7676] Commons Daemon procrun finished
